# JRE version: OpenJDK Runtime Environment (8.0_242-b01) (build 1.8.0_242-release-1644-b01)
# Java VM: OpenJDK 64-Bit Server VM (25.242-b01 mixed mode windows-amd64 compressed oops)
Heap:
 PSYoungGen      total 590336K, used 501152K [0x00000000d5580000, 0x00000000ff800000, 0x0000000100000000)
  eden space 493568K, 100% used [0x00000000d5580000,0x00000000f3780000,0x00000000f3780000)
  from space 96768K, 7% used [0x00000000f3780000,0x00000000f3ee8010,0x00000000f9600000)
  to   space 92672K, 1% used [0x00000000f9d80000,0x00000000f9f10000,0x00000000ff800000)
 ParOldGen       total 677376K, used 478953K [0x0000000080000000, 0x00000000a9580000, 0x00000000d5580000)
  object space 677376K, 70% used [0x0000000080000000,0x000000009d3ba600,0x00000000a9580000)
 Metaspace       used 322433K, capacity 342004K, committed 351820K, reserved 1353728K
  class space    used 40442K, capacity 44051K, committed 46720K, reserved 1048576K
GC Heap History (10 events):
Event: 18240.820 GC heap after
Heap after GC invocations=261 (full 18):
 PSYoungGen      total 571904K, used 15150K [0x00000000d5580000, 0x00000000ff600000, 0x0000000100000000)
  eden space 457728K, 0% used [0x00000000d5580000,0x00000000d5580000,0x00000000f1480000)
  from space 114176K, 13% used [0x00000000f1480000,0x00000000f234bb90,0x00000000f8400000)
  to   space 109056K, 0% used [0x00000000f8b80000,0x00000000f8b80000,0x00000000ff600000)
 ParOldGen       total 677376K, used 444739K [0x0000000080000000, 0x00000000a9580000, 0x00000000d5580000)
  object space 677376K, 65% used [0x0000000080000000,0x000000009b250de0,0x00000000a9580000)
 Metaspace       used 322385K, capacity 341960K, committed 351820K, reserved 1353728K
  class space    used 40438K, capacity 44045K, committed 46720K, reserved 1048576K
}
Event: 18241.261 GC heap before
{Heap before GC invocations=262 (full 18):
 PSYoungGen      total 571904K, used 472878K [0x00000000d5580000, 0x00000000ff600000, 0x0000000100000000)
  eden space 457728K, 100% used [0x00000000d5580000,0x00000000f1480000,0x00000000f1480000)
  from space 114176K, 13% used [0x00000000f1480000,0x00000000f234bb90,0x00000000f8400000)
  to   space 109056K, 0% used [0x00000000f8b80000,0x00000000f8b80000,0x00000000ff600000)
 ParOldGen       total 677376K, used 444739K [0x0000000080000000, 0x00000000a9580000, 0x00000000d5580000)
  object space 677376K, 65% used [0x0000000080000000,0x000000009b250de0,0x00000000a9580000)
 Metaspace       used 322385K, capacity 341960K, committed 351820K, reserved 1353728K
  class space    used 40438K, capacity 44045K, committed 46720K, reserved 1048576K
Event: 18241.362 GC heap after
Heap after GC invocations=262 (full 18):
 PSYoungGen      total 580096K, used 10656K [0x00000000d5580000, 0x00000000ff200000, 0x0000000100000000)
  eden space 475136K, 0% used [0x00000000d5580000,0x00000000d5580000,0x00000000f2580000)
  from space 104960K, 10% used [0x00000000f8b80000,0x00000000f95e8030,0x00000000ff200000)
  to   space 104448K, 0% used [0x00000000f2580000,0x00000000f2580000,0x00000000f8b80000)
 ParOldGen       total 677376K, used 457228K [0x0000000080000000, 0x00000000a9580000, 0x00000000d5580000)
  object space 677376K, 67% used [0x0000000080000000,0x000000009be83278,0x00000000a9580000)
 Metaspace       used 322385K, capacity 341960K, committed 351820K, reserved 1353728K
  class space    used 40438K, capacity 44045K, committed 46720K, reserved 1048576K
}
Event: 18242.269 GC heap before
{Heap before GC invocations=263 (full 18):
 PSYoungGen      total 580096K, used 485792K [0x00000000d5580000, 0x00000000ff200000, 0x0000000100000000)
  eden space 475136K, 100% used [0x00000000d5580000,0x00000000f2580000,0x00000000f2580000)
  from space 104960K, 10% used [0x00000000f8b80000,0x00000000f95e8030,0x00000000ff200000)
  to   space 104448K, 0% used [0x00000000f2580000,0x00000000f2580000,0x00000000f8b80000)
 ParOldGen       total 677376K, used 457228K [0x0000000080000000, 0x00000000a9580000, 0x00000000d5580000)
  object space 677376K, 67% used [0x0000000080000000,0x000000009be83278,0x00000000a9580000)
 Metaspace       used 322396K, capacity 341972K, committed 351820K, reserved 1353728K
  class space    used 40440K, capacity 44047K, committed 46720K, reserved 1048576K
Event: 18242.420 GC heap after
Heap after GC invocations=263 (full 18):
 PSYoungGen      total 579584K, used 6979K [0x00000000d5580000, 0x00000000ff880000, 0x0000000100000000)
  eden space 475136K, 0% used [0x00000000d5580000,0x00000000d5580000,0x00000000f2580000)
  from space 104448K, 6% used [0x00000000f2580000,0x00000000f2c50e80,0x00000000f8b80000)
  to   space 100864K, 0% used [0x00000000f9600000,0x00000000f9600000,0x00000000ff880000)
 ParOldGen       total 677376K, used 466631K [0x0000000080000000, 0x00000000a9580000, 0x00000000d5580000)
  object space 677376K, 68% used [0x0000000080000000,0x000000009c7b1e00,0x00000000a9580000)
 Metaspace       used 322396K, capacity 341972K, committed 351820K, reserved 1353728K
  class space    used 40440K, capacity 44047K, committed 46720K, reserved 1048576K
}
Event: 18243.334 GC heap before
{Heap before GC invocations=264 (full 18):
 PSYoungGen      total 579584K, used 482115K [0x00000000d5580000, 0x00000000ff880000, 0x0000000100000000)
  eden space 475136K, 100% used [0x00000000d5580000,0x00000000f2580000,0x00000000f2580000)
  from space 104448K, 6% used [0x00000000f2580000,0x00000000f2c50e80,0x00000000f8b80000)
  to   space 100864K, 0% used [0x00000000f9600000,0x00000000f9600000,0x00000000ff880000)
 ParOldGen       total 677376K, used 466631K [0x0000000080000000, 0x00000000a9580000, 0x00000000d5580000)
  object space 677376K, 68% used [0x0000000080000000,0x000000009c7b1e00,0x00000000a9580000)
 Metaspace       used 322396K, capacity 341972K, committed 351820K, reserved 1353728K
  class space    used 40440K, capacity 44047K, committed 46720K, reserved 1048576K
Event: 18243.422 GC heap after
Heap after GC invocations=264 (full 18):
 PSYoungGen      total 590336K, used 6544K [0x00000000d5580000, 0x00000000ff480000, 0x0000000100000000)
  eden space 493568K, 0% used [0x00000000d5580000,0x00000000d5580000,0x00000000f3780000)
  from space 96768K, 6% used [0x00000000f9600000,0x00000000f9c64010,0x00000000ff480000)
  to   space 96768K, 0% used [0x00000000f3780000,0x00000000f3780000,0x00000000f9600000)
 ParOldGen       total 677376K, used 473037K [0x0000000080000000, 0x00000000a9580000, 0x00000000d5580000)
  object space 677376K, 69% used [0x0000000080000000,0x000000009cdf35d0,0x00000000a9580000)
 Metaspace       used 322396K, capacity 341972K, committed 351820K, reserved 1353728K
  class space    used 40440K, capacity 44047K, committed 46720K, reserved 1048576K
}
Event: 18244.320 GC heap before
{Heap before GC invocations=265 (full 18):
 PSYoungGen      total 590336K, used 500112K [0x00000000d5580000, 0x00000000ff480000, 0x0000000100000000)
  eden space 493568K, 100% used [0x00000000d5580000,0x00000000f3780000,0x00000000f3780000)
  from space 96768K, 6% used [0x00000000f9600000,0x00000000f9c64010,0x00000000ff480000)
  to   space 96768K, 0% used [0x00000000f3780000,0x00000000f3780000,0x00000000f9600000)
 ParOldGen       total 677376K, used 473037K [0x0000000080000000, 0x00000000a9580000, 0x00000000d5580000)
  object space 677376K, 69% used [0x0000000080000000,0x000000009cdf35d0,0x00000000a9580000)
 Metaspace       used 322424K, capacity 341980K, committed 351820K, reserved 1353728K
  class space    used 40440K, capacity 44047K, committed 46720K, reserved 1048576K
Event: 18244.431 GC heap after
Heap after GC invocations=265 (full 18):
 PSYoungGen      total 590336K, used 7584K [0x00000000d5580000, 0x00000000ff800000, 0x0000000100000000)
  eden space 493568K, 0% used [0x00000000d5580000,0x00000000d5580000,0x00000000f3780000)
  from space 96768K, 7% used [0x00000000f3780000,0x00000000f3ee8010,0x00000000f9600000)
  to   space 92672K, 0% used [0x00000000f9d80000,0x00000000f9d80000,0x00000000ff800000)
 ParOldGen       total 677376K, used 477797K [0x0000000080000000, 0x00000000a9580000, 0x00000000d5580000)
  object space 677376K, 70% used [0x0000000080000000,0x000000009d2995e0,0x00000000a9580000)
 Metaspace       used 322424K, capacity 341980K, committed 351820K, reserved 1353728K
  class space    used 40440K, capacity 44047K, committed 46720K, reserved 1048576K
}
Event: 18245.832 GC heap before
{Heap before GC invocations=266 (full 18):
 PSYoungGen      total 590336K, used 501152K [0x00000000d5580000, 0x00000000ff800000, 0x0000000100000000)
  eden space 493568K, 100% used [0x00000000d5580000,0x00000000f3780000,0x00000000f3780000)
  from space 96768K, 7% used [0x00000000f3780000,0x00000000f3ee8010,0x00000000f9600000)
  to   space 92672K, 0% used [0x00000000f9d80000,0x00000000f9d80000,0x00000000ff800000)
 ParOldGen       total 677376K, used 477797K [0x0000000080000000, 0x00000000a9580000, 0x00000000d5580000)
  object space 677376K, 70% used [0x0000000080000000,0x000000009d2995e0,0x00000000a9580000)
 Metaspace       used 322433K, capacity 342004K, committed 351820K, reserved 1353728K
  class space    used 40442K, capacity 44051K, committed 46720K, reserved 1048576K

